# JRE version: Java(TM) SE Runtime Environment (8.0_201-b09) (build 1.8.0_201-b09)
# Java VM: Java HotSpot(TM) 64-Bit Server VM (25.201-b09 mixed mode windows-amd64 compressed oops)
Heap:
 PSYoungGen      total 92160K, used 91597K [0x0000000781b00000, 0x0000000788800000, 0x00000007c0000000)
  eden space 78336K, 100% used [0x0000000781b00000,0x0000000786780000,0x0000000786780000)
  from space 13824K, 95% used [0x0000000787600000,0x00000007882f3620,0x0000000788380000)
  to   space 14848K, 77% used [0x0000000786780000,0x00000007872c0b58,0x0000000787600000)
 ParOldGen       total 97792K, used 18825K [0x0000000705000000, 0x000000070af80000, 0x0000000781b00000)
  object space 97792K, 19% used [0x0000000705000000,0x0000000706262420,0x000000070af80000)
 Metaspace       used 23732K, capacity 24184K, committed 24496K, reserved 1071104K
  class space    used 2782K, capacity 2930K, committed 2992K, reserved 1048576K
GC Heap History (10 events):
Event: 10.448 GC heap after
Heap after GC invocations=5 (full 0):
 PSYoungGen      total 55296K, used 7656K [0x0000000781b00000, 0x0000000786480000, 0x00000007c0000000)
  eden space 47616K, 0% used [0x0000000781b00000,0x0000000781b00000,0x0000000784980000)
  from space 7680K, 99% used [0x0000000784a80000,0x00000007851fa020,0x0000000785200000)
  to   space 13824K, 0% used [0x0000000785700000,0x0000000785700000,0x0000000786480000)
 ParOldGen       total 128512K, used 11717K [0x0000000705000000, 0x000000070cd80000, 0x0000000781b00000)
  object space 128512K, 9% used [0x0000000705000000,0x0000000705b71560,0x000000070cd80000)
 Metaspace       used 20789K, capacity 21178K, committed 21296K, reserved 1069056K
  class space    used 2463K, capacity 2589K, committed 2608K, reserved 1048576K
}
Event: 10.448 GC heap before
{Heap before GC invocations=6 (full 1):
 PSYoungGen      total 55296K, used 7656K [0x0000000781b00000, 0x0000000786480000, 0x00000007c0000000)
  eden space 47616K, 0% used [0x0000000781b00000,0x0000000781b00000,0x0000000784980000)
  from space 7680K, 99% used [0x0000000784a80000,0x00000007851fa020,0x0000000785200000)
  to   space 13824K, 0% used [0x0000000785700000,0x0000000785700000,0x0000000786480000)
 ParOldGen       total 128512K, used 11717K [0x0000000705000000, 0x000000070cd80000, 0x0000000781b00000)
  object space 128512K, 9% used [0x0000000705000000,0x0000000705b71560,0x000000070cd80000)
 Metaspace       used 20789K, capacity 21178K, committed 21296K, reserved 1069056K
  class space    used 2463K, capacity 2589K, committed 2608K, reserved 1048576K
Event: 10.554 GC heap after
Heap after GC invocations=6 (full 1):
 PSYoungGen      total 55296K, used 0K [0x0000000781b00000, 0x0000000786480000, 0x00000007c0000000)
  eden space 47616K, 0% used [0x0000000781b00000,0x0000000781b00000,0x0000000784980000)
  from space 7680K, 0% used [0x0000000784a80000,0x0000000784a80000,0x0000000785200000)
  to   space 13824K, 0% used [0x0000000785700000,0x0000000785700000,0x0000000786480000)
 ParOldGen       total 97792K, used 16365K [0x0000000705000000, 0x000000070af80000, 0x0000000781b00000)
  object space 97792K, 16% used [0x0000000705000000,0x0000000705ffb5f0,0x000000070af80000)
 Metaspace       used 20789K, capacity 21178K, committed 21296K, reserved 1069056K
  class space    used 2463K, capacity 2589K, committed 2608K, reserved 1048576K
}
Event: 12.045 GC heap before
{Heap before GC invocations=7 (full 1):
 PSYoungGen      total 55296K, used 47616K [0x0000000781b00000, 0x0000000786480000, 0x00000007c0000000)
  eden space 47616K, 100% used [0x0000000781b00000,0x0000000784980000,0x0000000784980000)
  from space 7680K, 0% used [0x0000000784a80000,0x0000000784a80000,0x0000000785200000)
  to   space 13824K, 0% used [0x0000000785700000,0x0000000785700000,0x0000000786480000)
 ParOldGen       total 97792K, used 16365K [0x0000000705000000, 0x000000070af80000, 0x0000000781b00000)
  object space 97792K, 16% used [0x0000000705000000,0x0000000705ffb5f0,0x000000070af80000)
 Metaspace       used 23660K, capacity 24088K, committed 24240K, reserved 1071104K
  class space    used 2778K, capacity 2898K, committed 2992K, reserved 1048576K
Event: 12.078 GC heap after
Heap after GC invocations=7 (full 1):
 PSYoungGen      total 61952K, used 8992K [0x0000000781b00000, 0x0000000787c00000, 0x00000007c0000000)
  eden space 48128K, 0% used [0x0000000781b00000,0x0000000781b00000,0x0000000784a00000)
  from space 13824K, 65% used [0x0000000785700000,0x0000000785fc8178,0x0000000786480000)
  to   space 13312K, 0% used [0x0000000784a00000,0x0000000784a00000,0x0000000785700000)
 ParOldGen       total 97792K, used 16373K [0x0000000705000000, 0x000000070af80000, 0x0000000781b00000)
  object space 97792K, 16% used [0x0000000705000000,0x0000000705ffd5f0,0x000000070af80000)
 Metaspace       used 23660K, capacity 24088K, committed 24240K, reserved 1071104K
  class space    used 2778K, capacity 2898K, committed 2992K, reserved 1048576K
}
Event: 13.114 GC heap before
{Heap before GC invocations=8 (full 1):
 PSYoungGen      total 61952K, used 57120K [0x0000000781b00000, 0x0000000787c00000, 0x00000007c0000000)
  eden space 48128K, 100% used [0x0000000781b00000,0x0000000784a00000,0x0000000784a00000)
  from space 13824K, 65% used [0x0000000785700000,0x0000000785fc8178,0x0000000786480000)
  to   space 13312K, 0% used [0x0000000784a00000,0x0000000784a00000,0x0000000785700000)
 ParOldGen       total 97792K, used 16373K [0x0000000705000000, 0x000000070af80000, 0x0000000781b00000)
  object space 97792K, 16% used [0x0000000705000000,0x0000000705ffd5f0,0x000000070af80000)
 Metaspace       used 23717K, capacity 24184K, committed 24496K, reserved 1071104K
  class space    used 2781K, capacity 2930K, committed 2992K, reserved 1048576K
Event: 13.158 GC heap after
Heap after GC invocations=8 (full 1):
 PSYoungGen      total 61440K, used 12104K [0x0000000781b00000, 0x0000000788380000, 0x00000007c0000000)
  eden space 48128K, 0% used [0x0000000781b00000,0x0000000781b00000,0x0000000784a00000)
  from space 13312K, 90% used [0x0000000784a00000,0x00000007855d2150,0x0000000785700000)
  to   space 13824K, 0% used [0x0000000787600000,0x0000000787600000,0x0000000788380000)
 ParOldGen       total 97792K, used 16445K [0x0000000705000000, 0x000000070af80000, 0x0000000781b00000)
  object space 97792K, 16% used [0x0000000705000000,0x000000070600f600,0x000000070af80000)
 Metaspace       used 23717K, capacity 24184K, committed 24496K, reserved 1071104K
  class space    used 2781K, capacity 2930K, committed 2992K, reserved 1048576K
}
Event: 13.868 GC heap before
{Heap before GC invocations=9 (full 1):
 PSYoungGen      total 61440K, used 60232K [0x0000000781b00000, 0x0000000788380000, 0x00000007c0000000)
  eden space 48128K, 100% used [0x0000000781b00000,0x0000000784a00000,0x0000000784a00000)
  from space 13312K, 90% used [0x0000000784a00000,0x00000007855d2150,0x0000000785700000)
  to   space 13824K, 0% used [0x0000000787600000,0x0000000787600000,0x0000000788380000)
 ParOldGen       total 97792K, used 16445K [0x0000000705000000, 0x000000070af80000, 0x0000000781b00000)
  object space 97792K, 16% used [0x0000000705000000,0x000000070600f600,0x000000070af80000)
 Metaspace       used 23727K, capacity 24184K, committed 24496K, reserved 1071104K
  class space    used 2782K, capacity 2930K, committed 2992K, reserved 1048576K
Event: 13.897 GC heap after
Heap after GC invocations=9 (full 1):
 PSYoungGen      total 92160K, used 13261K [0x0000000781b00000, 0x0000000788800000, 0x00000007c0000000)
  eden space 78336K, 0% used [0x0000000781b00000,0x0000000781b00000,0x0000000786780000)
  from space 13824K, 95% used [0x0000000787600000,0x00000007882f3620,0x0000000788380000)
  to   space 14848K, 0% used [0x0000000786780000,0x0000000786780000,0x0000000787600000)
 ParOldGen       total 97792K, used 16453K [0x0000000705000000, 0x000000070af80000, 0x0000000781b00000)
  object space 97792K, 16% used [0x0000000705000000,0x0000000706011600,0x000000070af80000)
 Metaspace       used 23727K, capacity 24184K, committed 24496K, reserved 1071104K
  class space    used 2782K, capacity 2930K, committed 2992K, reserved 1048576K
}
Event: 14.574 GC heap before
{Heap before GC invocations=10 (full 1):
 PSYoungGen      total 92160K, used 91597K [0x0000000781b00000, 0x0000000788800000, 0x00000007c0000000)
  eden space 78336K, 100% used [0x0000000781b00000,0x0000000786780000,0x0000000786780000)
  from space 13824K, 95% used [0x0000000787600000,0x00000007882f3620,0x0000000788380000)
  to   space 14848K, 0% used [0x0000000786780000,0x0000000786780000,0x0000000787600000)
 ParOldGen       total 97792K, used 16453K [0x0000000705000000, 0x000000070af80000, 0x0000000781b00000)
  object space 97792K, 16% used [0x0000000705000000,0x0000000706011600,0x000000070af80000)
 Metaspace       used 23732K, capacity 24184K, committed 24496K, reserved 1071104K
  class space    used 2782K, capacity 2930K, committed 2992K, reserved 1048576K

